mode: set
github.com/AugustSerenity/booking/cmd/web/main.go:21.13,24.16 2 0
github.com/AugustSerenity/booking/cmd/web/main.go:24.16,26.3 1 0
github.com/AugustSerenity/booking/cmd/web/main.go:28.2,36.16 4 0
github.com/AugustSerenity/booking/cmd/web/main.go:39.18,54.16 10 1
github.com/AugustSerenity/booking/cmd/web/main.go:54.16,57.3 2 0
github.com/AugustSerenity/booking/cmd/web/main.go:58.2,65.12 6 1
github.com/AugustSerenity/booking/cmd/web/middleware.go:9.45,20.2 3 1
github.com/AugustSerenity/booking/cmd/web/middleware.go:23.50,25.2 1 1
github.com/AugustSerenity/booking/cmd/web/routes.go:11.49,37.2 18 1
