mode: set
github.com/AugustSerenity/booking/internal/handlers/handlers.go:31.62,36.2 1 0
github.com/AugustSerenity/booking/internal/handlers/handlers.go:39.51,44.2 1 1
github.com/AugustSerenity/booking/internal/handlers/handlers.go:47.33,49.2 1 1
github.com/AugustSerenity/booking/internal/handlers/handlers.go:52.67,55.2 1 0
github.com/AugustSerenity/booking/internal/handlers/handlers.go:58.68,60.2 1 0
github.com/AugustSerenity/booking/internal/handlers/handlers.go:63.74,65.9 2 1
github.com/AugustSerenity/booking/internal/handlers/handlers.go:65.9,69.3 3 1
github.com/AugustSerenity/booking/internal/handlers/handlers.go:71.2,72.16 2 1
github.com/AugustSerenity/booking/internal/handlers/handlers.go:72.16,76.3 3 0
github.com/AugustSerenity/booking/internal/handlers/handlers.go:78.2,96.4 10 1
github.com/AugustSerenity/booking/internal/handlers/handlers.go:100.78,102.9 2 0
github.com/AugustSerenity/booking/internal/handlers/handlers.go:102.9,105.3 2 0
github.com/AugustSerenity/booking/internal/handlers/handlers.go:107.2,108.16 2 0
github.com/AugustSerenity/booking/internal/handlers/handlers.go:108.16,111.3 2 0
github.com/AugustSerenity/booking/internal/handlers/handlers.go:113.2,124.19 9 0
github.com/AugustSerenity/booking/internal/handlers/handlers.go:124.19,132.3 4 0
github.com/AugustSerenity/booking/internal/handlers/handlers.go:134.2,135.16 2 0
github.com/AugustSerenity/booking/internal/handlers/handlers.go:135.16,138.3 2 0
github.com/AugustSerenity/booking/internal/handlers/handlers.go:140.2,149.16 3 0
github.com/AugustSerenity/booking/internal/handlers/handlers.go:149.16,152.3 2 0
github.com/AugustSerenity/booking/internal/handlers/handlers.go:154.2,156.66 2 0
github.com/AugustSerenity/booking/internal/handlers/handlers.go:160.71,162.2 1 0
github.com/AugustSerenity/booking/internal/handlers/handlers.go:165.69,167.2 1 0
github.com/AugustSerenity/booking/internal/handlers/handlers.go:170.75,172.2 1 0
github.com/AugustSerenity/booking/internal/handlers/handlers.go:175.79,181.16 5 0
github.com/AugustSerenity/booking/internal/handlers/handlers.go:181.16,184.3 2 0
github.com/AugustSerenity/booking/internal/handlers/handlers.go:185.2,186.16 2 0
github.com/AugustSerenity/booking/internal/handlers/handlers.go:186.16,189.3 2 0
github.com/AugustSerenity/booking/internal/handlers/handlers.go:191.2,192.16 2 0
github.com/AugustSerenity/booking/internal/handlers/handlers.go:192.16,195.3 2 0
github.com/AugustSerenity/booking/internal/handlers/handlers.go:197.2,197.21 1 0
github.com/AugustSerenity/booking/internal/handlers/handlers.go:197.21,202.3 3 0
github.com/AugustSerenity/booking/internal/handlers/handlers.go:204.2,216.4 5 0
github.com/AugustSerenity/booking/internal/handlers/handlers.go:228.79,249.16 10 0
github.com/AugustSerenity/booking/internal/handlers/handlers.go:249.16,252.3 2 0
github.com/AugustSerenity/booking/internal/handlers/handlers.go:254.2,255.14 2 0
github.com/AugustSerenity/booking/internal/handlers/handlers.go:259.70,261.2 1 0
github.com/AugustSerenity/booking/internal/handlers/handlers.go:264.81,266.9 2 0
github.com/AugustSerenity/booking/internal/handlers/handlers.go:266.9,271.3 4 0
github.com/AugustSerenity/booking/internal/handlers/handlers.go:273.2,288.4 9 0
github.com/AugustSerenity/booking/internal/handlers/handlers.go:292.74,294.16 2 0
github.com/AugustSerenity/booking/internal/handlers/handlers.go:294.16,297.3 2 0
github.com/AugustSerenity/booking/internal/handlers/handlers.go:299.2,300.9 2 0
github.com/AugustSerenity/booking/internal/handlers/handlers.go:300.9,303.3 2 0
github.com/AugustSerenity/booking/internal/handlers/handlers.go:305.2,309.63 3 0
github.com/AugustSerenity/booking/internal/handlers/handlers.go:314.71,326.16 9 0
github.com/AugustSerenity/booking/internal/handlers/handlers.go:326.16,329.3 2 0
github.com/AugustSerenity/booking/internal/handlers/handlers.go:331.2,338.63 6 0
